
Chromatic CLI v9.0.0
https://www.chromatic.com/docs/cli

Authenticating with Chromatic
    → Connecting to https://index.chromatic.com
Authenticated with Chromatic
    → Using project token '****************1419'
Retrieving git information
Retrieved git information
    → Commit 'a85ad6c' on branch 'main'; found 1 parent build
Collecting Storybook metadata
Collected Storybook metadata
    → Storybook 7.5.3 for React; using the @storybook/react-webpack5 builder (7.5.3); no supported addons found
Initializing build
Initialized build
    → Build 7 initialized
Building your Storybook
    → Running command: npm run build-storybook -- --output-dir /var/folders/_9/4pqw7vzd6_98vk0p3_l203y40000gn/T/chromatic--79642-Db3IDZi9oilw
Storybook built in 1 minute 15 seconds
    → View build log at /Users/des/Documents/katobonded-client/build-storybook.log
Publish your built Storybook
    → Validating Storybook files
Publishing your built Storybook
    → Retrieving target location
    → Starting publish
    → [                    ] 1%
    → [=                   ] 6%
    → [=                   ] 7%
    → [==                  ] 9%
    → [===                 ] 13%
    → [===                 ] 14%
    → [====                ] 21%
    → [====                ] 22%
    → [=====               ] 23%
    → [=====               ] 24%
    → [=====               ] 25%
    → [======              ] 28%
    → [======              ] 29%
    → [======              ] 30%
    → [======              ] 31%
    → [======              ] 32%
    → [=======             ] 33%
    → [=======             ] 34%
    → [=======             ] 35%
    → [=======             ] 36%
    → [=======             ] 37%
    → [========            ] 38%
    → [========            ] 40%
    → [========            ] 41%
    → [========            ] 42%
    → [=========           ] 43%
    → [=========           ] 44%
    → [=========           ] 45%
    → [=========           ] 46%
    → [=========           ] 47%
    → [==========          ] 48%
    → [==========          ] 49%
    → [==========          ] 51%
    → [============        ] 58%
    → [============        ] 59%
    → [=============       ] 63%
    → [=============       ] 64%
    → [=============       ] 65%
    → [=============       ] 67%
    → [==============      ] 68%
    → [==============      ] 69%
    → [==============      ] 70%
    → [==============      ] 71%
    → [==============      ] 72%
    → [===============     ] 73%
    → [=================== ] 96%
    → [====================] 98%
    → [====================] 99%
    → [====================] 100%
Publish complete in 1 minute 27 seconds
    → View your Storybook at https://6556ace2fddebeaf2c8d842e-epslpbjnhk.chromatic.com
Verifying your Storybook
    → This may take a few minutes
Started build 7
    → View build details at https://www.chromatic.com/build?appId=6556ace2fddebeaf2c8d842e&number=7
Running 7 tests
    → This may take a few minutes
ℹ Speed up Continuous Integration
Your project is linked to GitHub so Chromatic will report results there.
This means you can pass the --exit-once-uploaded flag to skip waiting for build results.
Read more here: https://www.chromatic.com/docs/cli#chromatic-options
    → [===                 ] 1/7  Button › Primary 
    → [======              ] 2/7  Button › Secondary 
    → [===========         ] 4/7  Button › Small 
    → [==============      ] 5/7  CreateYourTrip › Default 
    → [====================] 7/7  Text › Default 
✔ Build 7 passed!
No visual changes were found in this build.
ℹ View build details at https://www.chromatic.com/build?appId=6556ace2fddebeaf2c8d842e&number=7
